빌드 시작: 2019-11-04 오후 3:44:46
     1>2 노드의 "C:\Users\내꺼\Desktop\11_SrchALGraph\11_SrchALGraph\11_SrchALGraph.vcxproj" 프로젝트(build 대상)입니다.
     1>InitializeBuildStatus:
         "AlwaysCreate"이(가) 지정되었기 때문에 "Debug\11_SrchALGraph.unsuccessfulbuild"을(를) 만들고 있습니다.
       ClCompile:
         C:\Program Files (x86)\Microsoft Visual Studio 10.0\VC\bin\CL.exe /c /ZI /nologo /W3 /WX- /Od /Oy- /D _MBCS /Gm /EHsc /RTC1 /MDd /GS /fp:precise /Zc:wchar_t /Zc:forScope /Fo"Debug\\" /Fd"Debug\vc100.pdb" /Gd /TP /analyze- /errorReport:prompt main.cpp
         main.cpp
     1>c:\users\내꺼\desktop\11_srchalgraph\11_srchalgraph\adjlistgraph.h(50): warning C4996: 'fopen': This function or variable may be unsafe. Consider using fopen_s instead. To disable deprecation, use _CRT_SECURE_NO_WARNINGS. See online help for details.
                 c:\program files (x86)\microsoft visual studio 10.0\vc\include\stdio.h(234) : 'fopen' 선언을 참조하십시오.
     1>c:\users\내꺼\desktop\11_srchalgraph\11_srchalgraph\adjlistgraph.h(53): warning C4996: 'fscanf': This function or variable may be unsafe. Consider using fscanf_s instead. To disable deprecation, use _CRT_SECURE_NO_WARNINGS. See online help for details.
                 c:\program files (x86)\microsoft visual studio 10.0\vc\include\stdio.h(253) : 'fscanf' 선언을 참조하십시오.
     1>c:\users\내꺼\desktop\11_srchalgraph\11_srchalgraph\adjlistgraph.h(57): warning C4996: 'fscanf': This function or variable may be unsafe. Consider using fscanf_s instead. To disable deprecation, use _CRT_SECURE_NO_WARNINGS. See online help for details.
                 c:\program files (x86)\microsoft visual studio 10.0\vc\include\stdio.h(253) : 'fscanf' 선언을 참조하십시오.
     1>c:\users\내꺼\desktop\11_srchalgraph\11_srchalgraph\adjlistgraph.h(60): warning C4996: 'fscanf': This function or variable may be unsafe. Consider using fscanf_s instead. To disable deprecation, use _CRT_SECURE_NO_WARNINGS. See online help for details.
                 c:\program files (x86)\microsoft visual studio 10.0\vc\include\stdio.h(253) : 'fscanf' 선언을 참조하십시오.
     1>c:\users\내꺼\desktop\11_srchalgraph\11_srchalgraph\adjlistgraph.h(52): warning C4101: 'val' :참조되지 않은 지역 변수입니다.
     1>c:\users\내꺼\desktop\11_srchalgraph\11_srchalgraph\circularqueue.h(37): warning C4715: 'CircularQueue::dequeue' : 모든 제어 경로에서 값을 반환하지는 않습니다.
       Link:
         C:\Program Files (x86)\Microsoft Visual Studio 10.0\VC\bin\link.exe /ERRORREPORT:PROMPT /OUT:"C:\Users\내꺼\Desktop\11_SrchALGraph\Debug\11_SrchALGraph.exe" /NOLOGO kernel32.lib user32.lib gdi32.lib winspool.lib comdlg32.lib advapi32.lib shell32.lib ole32.lib oleaut32.lib uuid.lib odbc32.lib odbccp32.lib /MANIFEST /ManifestFile:"Debug\11_SrchALGraph.exe.intermediate.manifest" /MANIFESTUAC:"level='asInvoker' uiAccess='false'" /DEBUG /PDB:"C:\Users\내꺼\Desktop\11_SrchALGraph\Debug\11_SrchALGraph.pdb" /TLBID:1 /DYNAMICBASE /NXCOMPAT /IMPLIB:"C:\Users\내꺼\Desktop\11_SrchALGraph\Debug\11_SrchALGraph.lib" /MACHINE:X86 Debug\main.obj
         LINK : C:\Users\내꺼\Desktop\11_SrchALGraph\Debug\11_SrchALGraph.exe을(를) 찾을 수 없거나 마지막 증분 링크에 의해 빌드되지 않았습니다. 전체 링크를 수행하고 있습니다.
         11_SrchALGraph.vcxproj -> C:\Users\내꺼\Desktop\11_SrchALGraph\Debug\11_SrchALGraph.exe
       Manifest:
         C:\Program Files (x86)\Microsoft SDKs\Windows\v7.0A\bin\mt.exe /nologo /verbose /outputresource:"C:\Users\내꺼\Desktop\11_SrchALGraph\Debug\11_SrchALGraph.exe;#1" /manifest Debug\11_SrchALGraph.exe.intermediate.manifest
       FinalizeBuildStatus:
         "Debug\11_SrchALGraph.unsuccessfulbuild" 파일을 삭제하고 있습니다.
         "Debug\11_SrchALGraph.lastbuildstate"에 연결(touching)하고 있습니다.
     1>"C:\Users\내꺼\Desktop\11_SrchALGraph\11_SrchALGraph\11_SrchALGraph.vcxproj" 프로젝트를 빌드했습니다(build 대상).

빌드했습니다.

경과 시간: 00:00:03.13
